<?xml version="1.0" encoding="UTF-8"?>
<testsuite xmlns:xsi="http://www.w3.org/2001/XMLSchema-instance" xsi:noNamespaceSchemaLocation="https://maven.apache.org/surefire/maven-surefire-plugin/xsd/surefire-test-report-3.0.xsd" version="3.0" name="com.transitops.trip.TripServiceTest" time="7.84" tests="2" errors="0" skipped="0" failures="0">
  <properties>
[...]
</properties>
  <testcase name="testCargoWeightExceedsCapacityValidation" classname="com.transitops.trip.TripServiceTest" time="0.815">
    <system-out><![CDATA[11:26:21.384 [main] INFO org.springframework.test.context.support.AnnotationConfigContextLoaderUtils -- Could not detect default configuration classes for test class [com.transitops.trip.TripServiceTest]: TripServiceTest does not declare any static, non-private, non-final, nested classes annotated with @Configuration.
11:26:21.768 [main] INFO org.springframework.boot.test.context.SpringBootTestContextBootstrapper -- Found @SpringBootConfiguration com.transitops.TransitOpsApplication for test class com.transitops.trip.TripServiceTest

  .   ____          _            __ _ _
 /\\ / ___'_ __ _ _(_)_ __  __ _ \ \ \ \
( ( )\___ | '_ | '_| | '_ \/ _` | \ \ \ \
 \\/  ___)| |_)| | | | | || (_| |  ) ) ) )
  '  |____| .__|_| |_|_| |_\__, | / / / /
 =========|_|==============|___/=/_/_/_/
 :: Spring Boot ::                (v3.2.4)

2026-07-12T11:26:22.437+05:30  INFO 20104 --- [           main] com.transitops.trip.TripServiceTest      : Starting TripServiceTest using Java 26.0.1 with PID 20104 (started by admin in C:\Users\admin\.gemini\antigravity\scratch\transitops-backend)
2026-07-12T11:26:22.439+05:30  INFO 20104 --- [           main] com.transitops.trip.TripServiceTest      : No active profile set, falling back to 1 default profile: "default"
2026-07-12T11:26:23.571+05:30  INFO 20104 --- [           main] .s.d.r.c.RepositoryConfigurationDelegate : Bootstrapping Spring Data JPA repositories in DEFAULT mode.
2026-07-12T11:26:23.646+05:30  INFO 20104 --- [           main] .s.d.r.c.RepositoryConfigurationDelegate : Finished Spring Data repository scanning in 65 ms. Found 1 JPA repository interface.
2026-07-12T11:26:24.312+05:30  INFO 20104 --- [           main] o.hibernate.jpa.internal.util.LogHelper  : HHH000204: Processing PersistenceUnitInfo [name: default]
2026-07-12T11:26:24.444+05:30  INFO 20104 --- [           main] org.hibernate.Version                    : HHH000412: Hibernate ORM core version 6.4.4.Final
2026-07-12T11:26:24.488+05:30  INFO 20104 --- [           main] o.h.c.internal.RegionFactoryInitiator    : HHH000026: Second-level cache disabled
2026-07-12T11:26:24.856+05:30  INFO 20104 --- [           main] o.s.o.j.p.SpringPersistenceUnitInfo      : No LoadTimeWeaver setup: ignoring JPA class transformer
2026-07-12T11:26:24.945+05:30  INFO 20104 --- [           main] com.zaxxer.hikari.HikariDataSource       : HikariPool-1 - Starting...
2026-07-12T11:26:25.355+05:30  INFO 20104 --- [           main] com.zaxxer.hikari.pool.HikariPool        : HikariPool-1 - Added connection conn0: url=jdbc:h2:mem:transitopsdb user=SA
2026-07-12T11:26:25.359+05:30  INFO 20104 --- [           main] com.zaxxer.hikari.HikariDataSource       : HikariPool-1 - Start completed.
2026-07-12T11:26:25.401+05:30  WARN 20104 --- [           main] org.hibernate.orm.deprecation            : HHH90000025: H2Dialect does not need to be specified explicitly using 'hibernate.dialect' (remove the property setting and it will be selected by default)
2026-07-12T11:26:26.445+05:30  INFO 20104 --- [           main] o.h.e.t.j.p.i.JtaPlatformInitiator       : HHH000489: No JTA platform available (set 'hibernate.transaction.jta.platform' to enable JTA platform integration)
Hibernate: create table trips (id bigint generated by default as identity, actual_distance float(53), cargo_weight float(53) not null, created_at timestamp(6) not null, destination varchar(255) not null, driver_id bigint not null, fuel_consumed float(53), planned_distance float(53) not null, revenue float(53), source varchar(255) not null, status varchar(255) not null check (status in ('DRAFT','DISPATCHED','COMPLETED','CANCELLED')), vehicle_id bigint not null, primary key (id))
2026-07-12T11:26:26.563+05:30  INFO 20104 --- [           main] j.LocalContainerEntityManagerFactoryBean : Initialized JPA EntityManagerFactory for persistence unit 'default'
2026-07-12T11:26:27.304+05:30  WARN 20104 --- [           main] JpaBaseConfiguration$JpaWebConfiguration : spring.jpa.open-in-view is enabled by default. Therefore, database queries may be performed during view rendering. Explicitly configure spring.jpa.open-in-view to disable this warning
2026-07-12T11:26:27.945+05:30  INFO 20104 --- [           main] o.s.b.a.h2.H2ConsoleAutoConfiguration    : H2 console available at '/h2-console'. Database available at 'jdbc:h2:mem:transitopsdb'
2026-07-12T11:26:28.062+05:30  INFO 20104 --- [           main] com.transitops.trip.TripServiceTest      : Started TripServiceTest in 6.095 seconds (process running for 8.367)
Hibernate: select t1_0.id,t1_0.actual_distance,t1_0.cargo_weight,t1_0.created_at,t1_0.destination,t1_0.driver_id,t1_0.fuel_consumed,t1_0.planned_distance,t1_0.revenue,t1_0.source,t1_0.status,t1_0.vehicle_id from trips t1_0
Hibernate: insert into trips (actual_distance,cargo_weight,created_at,destination,driver_id,fuel_consumed,planned_distance,revenue,source,status,vehicle_id,id) values (?,?,?,?,?,?,?,?,?,?,?,default)
Hibernate: select t1_0.id,t1_0.actual_distance,t1_0.cargo_weight,t1_0.created_at,t1_0.destination,t1_0.driver_id,t1_0.fuel_consumed,t1_0.planned_distance,t1_0.revenue,t1_0.source,t1_0.status,t1_0.vehicle_id from trips t1_0 where t1_0.id=?
]]></system-out>
    <system-err><![CDATA[WARNING: A Java agent has been loaded dynamically (C:\Users\admin\.m2\repository\net\bytebuddy\byte-buddy-agent\1.14.12\byte-buddy-agent-1.14.12.jar)
WARNING: If a serviceability tool is in use, please run with -XX:+EnableDynamicAgentLoading to hide this warning
WARNING: If a serviceability tool is not in use, please run with -Djdk.instrument.traceUsage for more information
WARNING: Dynamic loading of agents will be disallowed by default in a future release
]]></system-err>
  </testcase>
  <testcase name="testCompleteTripLifecycleWorkflow" classname="com.transitops.trip.TripServiceTest" time="0.065">
    <system-out><![CDATA[Hibernate: select t1_0.id,t1_0.actual_distance,t1_0.cargo_weight,t1_0.created_at,t1_0.destination,t1_0.driver_id,t1_0.fuel_consumed,t1_0.planned_distance,t1_0.revenue,t1_0.source,t1_0.status,t1_0.vehicle_id from trips t1_0
Hibernate: delete from trips where id=?
Hibernate: insert into trips (actual_distance,cargo_weight,created_at,destination,driver_id,fuel_consumed,planned_distance,revenue,source,status,vehicle_id,id) values (?,?,?,?,?,?,?,?,?,?,?,default)
Hibernate: select t1_0.id,t1_0.actual_distance,t1_0.cargo_weight,t1_0.created_at,t1_0.destination,t1_0.driver_id,t1_0.fuel_consumed,t1_0.planned_distance,t1_0.revenue,t1_0.source,t1_0.status,t1_0.vehicle_id from trips t1_0 where t1_0.id=?
Hibernate: update trips set actual_distance=?,cargo_weight=?,destination=?,driver_id=?,fuel_consumed=?,planned_distance=?,revenue=?,source=?,status=?,vehicle_id=? where id=?
Hibernate: select t1_0.id,t1_0.actual_distance,t1_0.cargo_weight,t1_0.created_at,t1_0.destination,t1_0.driver_id,t1_0.fuel_consumed,t1_0.planned_distance,t1_0.revenue,t1_0.source,t1_0.status,t1_0.vehicle_id from trips t1_0 where t1_0.id=?
Hibernate: update trips set actual_distance=?,cargo_weight=?,destination=?,driver_id=?,fuel_consumed=?,planned_distance=?,revenue=?,source=?,status=?,vehicle_id=? where id=?
]]></system-out>
  </testcase>
</testsuite>